<?xml version="1.0" encoding="UTF-8"?>
<testng-results skipped="0" failed="0" ignored="0" total="1" passed="1">
  <reporter-output>
  </reporter-output>
  <suite name="Default suite" duration-ms="41427" started-at="2020-07-16T16:42:48 IST" finished-at="2020-07-16T16:43:30 IST">
    <groups>
    </groups>
    <test name="Default test" duration-ms="41427" started-at="2020-07-16T16:42:48 IST" finished-at="2020-07-16T16:43:30 IST">
      <class name="testCases.TC_001_PBI01">
        <test-method status="PASS" signature="runDrive()[pri:0, instance:testCases.TC_001_PBI01@116f93d]" name="runDrive" is-config="true" duration-ms="37410" started-at="2020-07-16T16:42:48 IST" finished-at="2020-07-16T16:43:26 IST">
          <reporter-output>
          </reporter-output>
        </test-method> <!-- runDrive -->
        <test-method status="PASS" signature="loginToApplication()[pri:0, instance:testCases.TC_001_PBI01@116f93d]" name="loginToApplication" duration-ms="3947" started-at="2020-07-16T16:43:26 IST" finished-at="2020-07-16T16:43:30 IST">
          <reporter-output>
          </reporter-output>
        </test-method> <!-- loginToApplication -->
      </class> <!-- testCases.TC_001_PBI01 -->
    </test> <!-- Default test -->
  </suite> <!-- Default suite -->
</testng-results>
